<?xml version="1.0" encoding="UTF-8"?>
<testsuite xmlns:xsi="http://www.w3.org/2001/XMLSchema-instance" xsi:noNamespaceSchemaLocation="https://maven.apache.org/surefire/maven-surefire-plugin/xsd/surefire-test-report-3.0.xsd" version="3.0" name="Calculator Functionality" time="29.387" tests="3" errors="0" skipped="0" failures="0">
  <properties>
    <property name="sun.desktop" value="windows"/>
    <property name="awt.toolkit" value="sun.awt.windows.WToolkit"/>
    <property name="file.encoding.pkg" value="sun.io"/>
    <property name="java.specification.version" value="1.8"/>
    <property name="webdriver.chrome.driver" value="C:\Users\dell\.cache\selenium\chromedriver\win32\90.0.4430.24\chromedriver.exe"/>
    <property name="sun.cpu.isalist" value="amd64"/>
    <property name="sun.jnu.encoding" value="Cp1252"/>
    <property name="java.class.path" value="F:\ITVIEW TRAINING\Selenium Training\src\SeleniumCucumber-Project\target\test-classes;F:\ITVIEW TRAINING\Selenium Training\src\SeleniumCucumber-Project\target\classes;C:\Users\dell\.m2\repository\io\cucumber\cucumber-java\6.4.0\cucumber-java-6.4.0.jar;C:\Users\dell\.m2\repository\org\apiguardian\apiguardian-api\1.1.0\apiguardian-api-1.1.0.jar;C:\Users\dell\.m2\repository\io\cucumber\cucumber-junit\6.4.0\cucumber-junit-6.4.0.jar;C:\Users\dell\.m2\repository\io\cucumber\cucumber-core\6.4.0\cucumber-core-6.4.0.jar;C:\Users\dell\.m2\repository\io\cucumber\cucumber-gherkin\6.4.0\cucumber-gherkin-6.4.0.jar;C:\Users\dell\.m2\repository\io\cucumber\cucumber-gherkin-messages\6.4.0\cucumber-gherkin-messages-6.4.0.jar;C:\Users\dell\.m2\repository\io\cucumber\messages\12.4.0\messages-12.4.0.jar;C:\Users\dell\.m2\repository\io\cucumber\tag-expressions\3.0.0\tag-expressions-3.0.0.jar;C:\Users\dell\.m2\repository\io\cucumber\cucumber-expressions\10.2.2\cucumber-expressions-10.2.2.jar;C:\Users\dell\.m2\repository\io\cucumber\datatable\3.3.1\datatable-3.3.1.jar;C:\Users\dell\.m2\repository\io\cucumber\cucumber-plugin\6.4.0\cucumber-plugin-6.4.0.jar;C:\Users\dell\.m2\repository\io\cucumber\docstring\6.4.0\docstring-6.4.0.jar;C:\Users\dell\.m2\repository\io\cucumber\html-formatter\7.2.0\html-formatter-7.2.0.jar;C:\Users\dell\.m2\repository\io\cucumber\create-meta\1.1.0\create-meta-1.1.0.jar;C:\Users\dell\.m2\repository\io\github\bonigarcia\webdrivermanager\4.2.2\webdrivermanager-4.2.2.jar;C:\Users\dell\.m2\repository\org\slf4j\slf4j-api\1.7.30\slf4j-api-1.7.30.jar;C:\Users\dell\.m2\repository\commons-io\commons-io\2.8.0\commons-io-2.8.0.jar;C:\Users\dell\.m2\repository\com\google\code\gson\gson\2.8.6\gson-2.8.6.jar;C:\Users\dell\.m2\repository\org\apache\commons\commons-lang3\3.11\commons-lang3-3.11.jar;C:\Users\dell\.m2\repository\org\apache\httpcomponents\client5\httpclient5\5.0.1\httpclient5-5.0.1.jar;C:\Users\dell\.m2\repository\org\apache\httpcomponents\core5\httpcore5\5.0.1\httpcore5-5.0.1.jar;C:\Users\dell\.m2\repository\org\apache\httpcomponents\core5\httpcore5-h2\5.0.1\httpcore5-h2-5.0.1.jar;C:\Users\dell\.m2\repository\commons-codec\commons-codec\1.13\commons-codec-1.13.jar;C:\Users\dell\.m2\repository\org\rauschig\jarchivelib\1.1.0\jarchivelib-1.1.0.jar;C:\Users\dell\.m2\repository\org\apache\commons\commons-compress\1.20\commons-compress-1.20.jar;C:\Users\dell\.m2\repository\org\jsoup\jsoup\1.13.1\jsoup-1.13.1.jar;C:\Users\dell\.m2\repository\org\seleniumhq\selenium\selenium-java\3.141.59\selenium-java-3.141.59.jar;C:\Users\dell\.m2\repository\org\seleniumhq\selenium\selenium-api\3.141.59\selenium-api-3.141.59.jar;C:\Users\dell\.m2\repository\org\seleniumhq\selenium\selenium-chrome-driver\3.141.59\selenium-chrome-driver-3.141.59.jar;C:\Users\dell\.m2\repository\org\seleniumhq\selenium\selenium-edge-driver\3.141.59\selenium-edge-driver-3.141.59.jar;C:\Users\dell\.m2\repository\org\seleniumhq\selenium\selenium-firefox-driver\3.141.59\selenium-firefox-driver-3.141.59.jar;C:\Users\dell\.m2\repository\org\seleniumhq\selenium\selenium-ie-driver\3.141.59\selenium-ie-driver-3.141.59.jar;C:\Users\dell\.m2\repository\org\seleniumhq\selenium\selenium-opera-driver\3.141.59\selenium-opera-driver-3.141.59.jar;C:\Users\dell\.m2\repository\org\seleniumhq\selenium\selenium-remote-driver\3.141.59\selenium-remote-driver-3.141.59.jar;C:\Users\dell\.m2\repository\org\seleniumhq\selenium\selenium-safari-driver\3.141.59\selenium-safari-driver-3.141.59.jar;C:\Users\dell\.m2\repository\org\seleniumhq\selenium\selenium-support\3.141.59\selenium-support-3.141.59.jar;C:\Users\dell\.m2\repository\net\bytebuddy\byte-buddy\1.8.15\byte-buddy-1.8.15.jar;C:\Users\dell\.m2\repository\org\apache\commons\commons-exec\1.3\commons-exec-1.3.jar;C:\Users\dell\.m2\repository\com\google\guava\guava\25.0-jre\guava-25.0-jre.jar;C:\Users\dell\.m2\repository\com\google\code\findbugs\jsr305\1.3.9\jsr305-1.3.9.jar;C:\Users\dell\.m2\repository\org\checkerframework\checker-compat-qual\2.0.0\checker-compat-qual-2.0.0.jar;C:\Users\dell\.m2\repository\com\google\errorprone\error_prone_annotations\2.1.3\error_prone_annotations-2.1.3.jar;C:\Users\dell\.m2\repository\com\google\j2objc\j2objc-annotations\1.1\j2objc-annotations-1.1.jar;C:\Users\dell\.m2\repository\org\codehaus\mojo\animal-sniffer-annotations\1.14\animal-sniffer-annotations-1.14.jar;C:\Users\dell\.m2\repository\com\squareup\okhttp3\okhttp\3.11.0\okhttp-3.11.0.jar;C:\Users\dell\.m2\repository\com\squareup\okio\okio\1.14.0\okio-1.14.0.jar;C:\Users\dell\.m2\repository\junit\junit\4.12\junit-4.12.jar;C:\Users\dell\.m2\repository\org\hamcrest\hamcrest-core\1.3\hamcrest-core-1.3.jar;"/>
    <property name="java.vm.vendor" value="Oracle Corporation"/>
    <property name="sun.arch.data.model" value="64"/>
    <property name="user.variant" value=""/>
    <property name="java.vendor.url" value="http://java.oracle.com/"/>
    <property name="user.timezone" value="Asia/Calcutta"/>
    <property name="java.vm.specification.version" value="1.8"/>
    <property name="os.name" value="Windows 10"/>
    <property name="user.country" value="IN"/>
    <property name="sun.java.launcher" value="SUN_STANDARD"/>
    <property name="sun.boot.library.path" value="C:\Program Files\Java\jdk1.8.0_261\jre\bin"/>
    <property name="sun.java.command" value="C:\Users\dell\AppData\Local\Temp\surefire3142987007644844721\surefirebooter1221833632192182040.jar C:\Users\dell\AppData\Local\Temp\surefire3142987007644844721 2021-05-15T16-58-15_400-jvmRun1 surefire7766609767234374794tmp surefire_08989599905086259050tmp"/>
    <property name="surefire.test.class.path" value="F:\ITVIEW TRAINING\Selenium Training\src\SeleniumCucumber-Project\target\test-classes;F:\ITVIEW TRAINING\Selenium Training\src\SeleniumCucumber-Project\target\classes;C:\Users\dell\.m2\repository\io\cucumber\cucumber-java\6.4.0\cucumber-java-6.4.0.jar;C:\Users\dell\.m2\repository\org\apiguardian\apiguardian-api\1.1.0\apiguardian-api-1.1.0.jar;C:\Users\dell\.m2\repository\io\cucumber\cucumber-junit\6.4.0\cucumber-junit-6.4.0.jar;C:\Users\dell\.m2\repository\io\cucumber\cucumber-core\6.4.0\cucumber-core-6.4.0.jar;C:\Users\dell\.m2\repository\io\cucumber\cucumber-gherkin\6.4.0\cucumber-gherkin-6.4.0.jar;C:\Users\dell\.m2\repository\io\cucumber\cucumber-gherkin-messages\6.4.0\cucumber-gherkin-messages-6.4.0.jar;C:\Users\dell\.m2\repository\io\cucumber\messages\12.4.0\messages-12.4.0.jar;C:\Users\dell\.m2\repository\io\cucumber\tag-expressions\3.0.0\tag-expressions-3.0.0.jar;C:\Users\dell\.m2\repository\io\cucumber\cucumber-expressions\10.2.2\cucumber-expressions-10.2.2.jar;C:\Users\dell\.m2\repository\io\cucumber\datatable\3.3.1\datatable-3.3.1.jar;C:\Users\dell\.m2\repository\io\cucumber\cucumber-plugin\6.4.0\cucumber-plugin-6.4.0.jar;C:\Users\dell\.m2\repository\io\cucumber\docstring\6.4.0\docstring-6.4.0.jar;C:\Users\dell\.m2\repository\io\cucumber\html-formatter\7.2.0\html-formatter-7.2.0.jar;C:\Users\dell\.m2\repository\io\cucumber\create-meta\1.1.0\create-meta-1.1.0.jar;C:\Users\dell\.m2\repository\io\github\bonigarcia\webdrivermanager\4.2.2\webdrivermanager-4.2.2.jar;C:\Users\dell\.m2\repository\org\slf4j\slf4j-api\1.7.30\slf4j-api-1.7.30.jar;C:\Users\dell\.m2\repository\commons-io\commons-io\2.8.0\commons-io-2.8.0.jar;C:\Users\dell\.m2\repository\com\google\code\gson\gson\2.8.6\gson-2.8.6.jar;C:\Users\dell\.m2\repository\org\apache\commons\commons-lang3\3.11\commons-lang3-3.11.jar;C:\Users\dell\.m2\repository\org\apache\httpcomponents\client5\httpclient5\5.0.1\httpclient5-5.0.1.jar;C:\Users\dell\.m2\repository\org\apache\httpcomponents\core5\httpcore5\5.0.1\httpcore5-5.0.1.jar;C:\Users\dell\.m2\repository\org\apache\httpcomponents\core5\httpcore5-h2\5.0.1\httpcore5-h2-5.0.1.jar;C:\Users\dell\.m2\repository\commons-codec\commons-codec\1.13\commons-codec-1.13.jar;C:\Users\dell\.m2\repository\org\rauschig\jarchivelib\1.1.0\jarchivelib-1.1.0.jar;C:\Users\dell\.m2\repository\org\apache\commons\commons-compress\1.20\commons-compress-1.20.jar;C:\Users\dell\.m2\repository\org\jsoup\jsoup\1.13.1\jsoup-1.13.1.jar;C:\Users\dell\.m2\repository\org\seleniumhq\selenium\selenium-java\3.141.59\selenium-java-3.141.59.jar;C:\Users\dell\.m2\repository\org\seleniumhq\selenium\selenium-api\3.141.59\selenium-api-3.141.59.jar;C:\Users\dell\.m2\repository\org\seleniumhq\selenium\selenium-chrome-driver\3.141.59\selenium-chrome-driver-3.141.59.jar;C:\Users\dell\.m2\repository\org\seleniumhq\selenium\selenium-edge-driver\3.141.59\selenium-edge-driver-3.141.59.jar;C:\Users\dell\.m2\repository\org\seleniumhq\selenium\selenium-firefox-driver\3.141.59\selenium-firefox-driver-3.141.59.jar;C:\Users\dell\.m2\repository\org\seleniumhq\selenium\selenium-ie-driver\3.141.59\selenium-ie-driver-3.141.59.jar;C:\Users\dell\.m2\repository\org\seleniumhq\selenium\selenium-opera-driver\3.141.59\selenium-opera-driver-3.141.59.jar;C:\Users\dell\.m2\repository\org\seleniumhq\selenium\selenium-remote-driver\3.141.59\selenium-remote-driver-3.141.59.jar;C:\Users\dell\.m2\repository\org\seleniumhq\selenium\selenium-safari-driver\3.141.59\selenium-safari-driver-3.141.59.jar;C:\Users\dell\.m2\repository\org\seleniumhq\selenium\selenium-support\3.141.59\selenium-support-3.141.59.jar;C:\Users\dell\.m2\repository\net\bytebuddy\byte-buddy\1.8.15\byte-buddy-1.8.15.jar;C:\Users\dell\.m2\repository\org\apache\commons\commons-exec\1.3\commons-exec-1.3.jar;C:\Users\dell\.m2\repository\com\google\guava\guava\25.0-jre\guava-25.0-jre.jar;C:\Users\dell\.m2\repository\com\google\code\findbugs\jsr305\1.3.9\jsr305-1.3.9.jar;C:\Users\dell\.m2\repository\org\checkerframework\checker-compat-qual\2.0.0\checker-compat-qual-2.0.0.jar;C:\Users\dell\.m2\repository\com\google\errorprone\error_prone_annotations\2.1.3\error_prone_annotations-2.1.3.jar;C:\Users\dell\.m2\repository\com\google\j2objc\j2objc-annotations\1.1\j2objc-annotations-1.1.jar;C:\Users\dell\.m2\repository\org\codehaus\mojo\animal-sniffer-annotations\1.14\animal-sniffer-annotations-1.14.jar;C:\Users\dell\.m2\repository\com\squareup\okhttp3\okhttp\3.11.0\okhttp-3.11.0.jar;C:\Users\dell\.m2\repository\com\squareup\okio\okio\1.14.0\okio-1.14.0.jar;C:\Users\dell\.m2\repository\junit\junit\4.12\junit-4.12.jar;C:\Users\dell\.m2\repository\org\hamcrest\hamcrest-core\1.3\hamcrest-core-1.3.jar;"/>
    <property name="sun.cpu.endian" value="little"/>
    <property name="user.home" value="C:\Users\dell"/>
    <property name="user.language" value="en"/>
    <property name="java.specification.vendor" value="Oracle Corporation"/>
    <property name="java.home" value="C:\Program Files\Java\jdk1.8.0_261\jre"/>
    <property name="basedir" value="F:\ITVIEW TRAINING\Selenium Training\src\SeleniumCucumber-Project"/>
    <property name="file.separator" value="\"/>
    <property name="line.separator" value="&#10;"/>
    <property name="java.vm.specification.vendor" value="Oracle Corporation"/>
    <property name="java.specification.name" value="Java Platform API Specification"/>
    <property name="java.awt.graphicsenv" value="sun.awt.Win32GraphicsEnvironment"/>
    <property name="surefire.real.class.path" value="C:\Users\dell\AppData\Local\Temp\surefire3142987007644844721\surefirebooter1221833632192182040.jar"/>
    <property name="sun.boot.class.path" value="C:\Program Files\Java\jdk1.8.0_261\jre\lib\resources.jar;C:\Program Files\Java\jdk1.8.0_261\jre\lib\rt.jar;C:\Program Files\Java\jdk1.8.0_261\jre\lib\sunrsasign.jar;C:\Program Files\Java\jdk1.8.0_261\jre\lib\jsse.jar;C:\Program Files\Java\jdk1.8.0_261\jre\lib\jce.jar;C:\Program Files\Java\jdk1.8.0_261\jre\lib\charsets.jar;C:\Program Files\Java\jdk1.8.0_261\jre\lib\jfr.jar;C:\Program Files\Java\jdk1.8.0_261\jre\classes"/>
    <property name="user.script" value=""/>
    <property name="sun.management.compiler" value="HotSpot 64-Bit Tiered Compilers"/>
    <property name="java.runtime.version" value="1.8.0_261-b12"/>
    <property name="user.name" value="dell"/>
    <property name="path.separator" value=";"/>
    <property name="os.version" value="10.0"/>
    <property name="java.endorsed.dirs" value="C:\Program Files\Java\jdk1.8.0_261\jre\lib\endorsed"/>
    <property name="java.runtime.name" value="Java(TM) SE Runtime Environment"/>
    <property name="file.encoding" value="Cp1252"/>
    <property name="java.vm.name" value="Java HotSpot(TM) 64-Bit Server VM"/>
    <property name="localRepository" value="C:\Users\dell\.m2\repository"/>
    <property name="java.vendor.url.bug" value="http://bugreport.sun.com/bugreport/"/>
    <property name="java.io.tmpdir" value="C:\Users\dell\AppData\Local\Temp\"/>
    <property name="java.version" value="1.8.0_261"/>
    <property name="user.dir" value="F:\ITVIEW TRAINING\Selenium Training\src\SeleniumCucumber-Project"/>
    <property name="os.arch" value="amd64"/>
    <property name="java.vm.specification.name" value="Java Virtual Machine Specification"/>
    <property name="java.awt.printerjob" value="sun.awt.windows.WPrinterJob"/>
    <property name="sun.os.patch.level" value=""/>
    <property name="java.library.path" value="C:\Program Files\Java\jdk1.8.0_261\jre\bin;C:\Windows\Sun\Java\bin;C:\Windows\system32;C:\Windows;C:\Program Files (x86)\Common Files\Oracle\Java\javapath;C:\ProgramData\Oracle\Java\javapath;C:\Windows\system32;C:\Windows;C:\Windows\System32\Wbem;C:\Windows\System32\WindowsPowerShell\v1.0\;C:\Windows\System32\OpenSSH\;C:\Program Files (x86)\Microsoft SQL Server\100\Tools\Binn\;C:\Program Files\Microsoft SQL Server\100\Tools\Binn\;C:\Program Files\Microsoft SQL Server\100\DTS\Binn\;C:\Program Files\Java\jdk1.8.0_261\bin;F:\ITVIEW TRAINING\Seleium files\apache-maven-3.6.3\bin;C:\Program Files\PuTTY\;C:\Program Files\Git\cmd;C:\Users\dell\AppData\Local\Microsoft\WindowsApps;;."/>
    <property name="java.vm.info" value="mixed mode"/>
    <property name="java.vendor" value="Oracle Corporation"/>
    <property name="java.vm.version" value="25.261-b12"/>
    <property name="java.ext.dirs" value="C:\Program Files\Java\jdk1.8.0_261\jre\lib\ext;C:\Windows\Sun\Java\lib\ext"/>
    <property name="sun.io.unicode.encoding" value="UnicodeLittle"/>
    <property name="java.class.version" value="52.0"/>
  </properties>
  <testcase name="Test Case to verify Calculator functionality with multiple data #1" classname="Calculator Functionality" time="12.805">
    <system-out><![CDATA[
@Data_Driven
Scenario Outline: Test Case to verify Calculator functionality with multiple data # Feature/DataDrivenTest.feature:11
  Given Open chrome and navigate to calculate page                                # com.selenium.cucmber.stepdef.DataDrivenTest.open_chrome_and_navigate_to_calculate_page()
  When Enter two numbers "4" and "3" with operator "+"                            # com.selenium.cucmber.stepdef.DataDrivenTest.enter_two_numbers_and_with_operator(java.lang.String,java.lang.String,java.lang.String)
  Then Validate output "7"                                                        # com.selenium.cucmber.stepdef.DataDrivenTest.validate_output(java.lang.String)
]]></system-out>
    <system-err><![CDATA[SLF4J: Failed to load class "org.slf4j.impl.StaticLoggerBinder".
SLF4J: Defaulting to no-operation (NOP) logger implementation
SLF4J: See http://www.slf4j.org/codes.html#StaticLoggerBinder for further details.
Starting ChromeDriver 90.0.4430.24 (4c6d850f087da467d926e8eddb76550aed655991-refs/branch-heads/4430@{#429}) on port 30774
Only local connections are allowed.
Please see https://chromedriver.chromium.org/security-considerations for suggestions on keeping ChromeDriver safe.
ChromeDriver was started successfully.
May 15, 2021 4:58:23 PM org.openqa.selenium.remote.ProtocolHandshake createSession
INFO: Detected dialect: W3C
]]></system-err>
  </testcase>
  <testcase name="Test Case to verify Calculator functionality with multiple data #2" classname="Calculator Functionality" time="7.677">
    <system-out><![CDATA[
@Data_Driven
Scenario Outline: Test Case to verify Calculator functionality with multiple data # Feature/DataDrivenTest.feature:12
  Given Open chrome and navigate to calculate page                                # com.selenium.cucmber.stepdef.DataDrivenTest.open_chrome_and_navigate_to_calculate_page()
  When Enter two numbers "8" and "2" with operator "-"                            # com.selenium.cucmber.stepdef.DataDrivenTest.enter_two_numbers_and_with_operator(java.lang.String,java.lang.String,java.lang.String)
  Then Validate output "6"                                                        # com.selenium.cucmber.stepdef.DataDrivenTest.validate_output(java.lang.String)
]]></system-out>
    <system-err><![CDATA[Starting ChromeDriver 90.0.4430.24 (4c6d850f087da467d926e8eddb76550aed655991-refs/branch-heads/4430@{#429}) on port 9673
Only local connections are allowed.
Please see https://chromedriver.chromium.org/security-considerations for suggestions on keeping ChromeDriver safe.
ChromeDriver was started successfully.
May 15, 2021 4:58:31 PM org.openqa.selenium.remote.ProtocolHandshake createSession
INFO: Detected dialect: W3C
]]></system-err>
  </testcase>
  <testcase name="Test Case to verify Calculator functionality with multiple data #3" classname="Calculator Functionality" time="8.723">
    <system-out><![CDATA[
@Data_Driven
Scenario Outline: Test Case to verify Calculator functionality with multiple data # Feature/DataDrivenTest.feature:13
  Given Open chrome and navigate to calculate page                                # com.selenium.cucmber.stepdef.DataDrivenTest.open_chrome_and_navigate_to_calculate_page()
  When Enter two numbers "3" and "4" with operator "*"                            # com.selenium.cucmber.stepdef.DataDrivenTest.enter_two_numbers_and_with_operator(java.lang.String,java.lang.String,java.lang.String)
  Then Validate output "12"                                                       # com.selenium.cucmber.stepdef.DataDrivenTest.validate_output(java.lang.String)
]]></system-out>
    <system-err><![CDATA[Starting ChromeDriver 90.0.4430.24 (4c6d850f087da467d926e8eddb76550aed655991-refs/branch-heads/4430@{#429}) on port 10638
Only local connections are allowed.
Please see https://chromedriver.chromium.org/security-considerations for suggestions on keeping ChromeDriver safe.
ChromeDriver was started successfully.
May 15, 2021 4:58:39 PM org.openqa.selenium.remote.ProtocolHandshake createSession
INFO: Detected dialect: W3C
]]></system-err>
  </testcase>
</testsuite>